Starting OrderServiceImplTest on DESKTOP-HOOMMBL with PID 15028 (started by JianLin_Xu in F:\Users\JIANLIN_XU\Desktop\毕业设计文档\sell)
No active profile set, falling back to default profiles: default
Bootstrapping Spring Data repositories in DEFAULT mode.
Finished Spring Data repository scanning in 150ms. Found 4 repository interfaces.
Bean 'org.springframework.transaction.annotation.ProxyTransactionManagementConfiguration' of type [org.springframework.transaction.annotation.ProxyTransactionManagementConfiguration] is not eligible for getting processed by all BeanPostProcessors (for example: not eligible for auto-proxying)
HikariPool-1 - Starting...
Registered driver with driverClassName=com.mysql.jdbc.Driver was not found, trying direct instantiation.
HikariPool-1 - Start completed.
HHH000204: Processing PersistenceUnitInfo [name: default]
HHH000412: Hibernate Core {5.4.6.Final}
HCANN000001: Hibernate Commons Annotations {5.1.0.Final}
HHH000400: Using dialect: org.hibernate.dialect.MySQL57Dialect
HHH000490: Using JtaPlatform implementation: [org.hibernate.engine.transaction.jta.platform.internal.NoJtaPlatform]
Initialized JPA EntityManagerFactory for persistence unit 'default'
spring.jpa.open-in-view is enabled by default. Therefore, database queries may be performed during view rendering. Explicitly configure spring.jpa.open-in-view to disable this warning
Initializing ExecutorService 'applicationTaskExecutor'
Started OrderServiceImplTest in 13.543 seconds (JVM running for 16.695)
查询订单，OrderDTO(orderId=1571737027777687929, buyerName=许帅帅, buyerPhone=15362124173, buyerAddress=广州, buyerOpenid=110110, orderAmount=8.50, orderStatus=0, payStatus=0, createTime=2019-10-23 06:37:08.0, updateTime=2019-10-23 06:37:08.0, orderDetailList=[OrderDetail(detailId=1571737028048888738, orderId=1571737027777687929, productId=123456, productName=鸡蛋炒米粉, productPrice=8.50, productQuantity=1, productIcon=www.gdpuxjl.top)])
Shutting down ExecutorService 'applicationTaskExecutor'
Closing JPA EntityManagerFactory for persistence unit 'default'
HikariPool-1 - Shutdown initiated...
HikariPool-1 - Shutdown completed.
